<?xml version="1.0" encoding="UTF-8"?>
<!-- Generated by org.testng.reporters.JUnitReportReporter -->
<testsuite hostname="Ankits-MacBook-Pro.local" failures="0" tests="1" name="com.w2a.testcases.AddCustomerTest" time="0.000" errors="0" timestamp="27 Jun 2019 06:44:16 GMT" skipped="1">
  <testcase classname="com.w2a.testcases.AddCustomerTest" name="addCustomerTest" time="0.000">
    <skipped/>
  </testcase> <!-- addCustomerTest -->
</testsuite> <!-- com.w2a.testcases.AddCustomerTest -->
