<?xml version="1.0" encoding="UTF-8"?>
<!-- Generated by org.testng.reporters.JUnitReportReporter -->
<testsuite hostname="Ankits-MacBook-Pro.local" failures="0" tests="1" name="com.w2a.testcases.LoginTest" time="3.184" errors="0" timestamp="27 Jun 2019 10:06:18 GMT" skipped="0">
  <testcase classname="com.w2a.testcases.LoginTest" name="loginAsBankManager" time="3.184"/>
</testsuite> <!-- com.w2a.testcases.LoginTest -->
