<?xml version="1.0" encoding="UTF-8"?>
<!-- Generated by org.testng.reporters.JUnitReportReporter -->
<testsuite hostname="Ankits-MacBook-Pro.local" failures="0" tests="1" name="com.w2a.testcases.LoginTest" time="12.971" errors="0" timestamp="04 Jul 2019 12:00:57 GMT" skipped="0">
  <testcase classname="com.w2a.testcases.LoginTest" name="login" time="12.971"/>
</testsuite> <!-- com.w2a.testcases.LoginTest -->
